[    0.000000] Initializing cgroup subsys cpuset
[    0.000000] Initializing cgroup subsys cpu
[    0.000000] Initializing cgroup subsys cpuacct
[    0.000000] Linux version 4.4.0-159-generic (buildd@lgw01-amd64-042) (gcc version 5.4.0 20160609 (Ubuntu 5.4.0-6ubuntu1~16.04.10) ) #187-Ubuntu SMP Thu Aug 1 16:28:06 UTC 2019 (Ubuntu 4.4.0-159.187-generic 4.4.185)
[    0.000000] Command line: BOOT_IMAGE=/boot/vmlinuz-4.4.0-159-generic root=LABEL=cloudimg-rootfs ro console=tty1 console=ttyS0
[    0.000000] KERNEL supported cpus:
[    0.000000]   Intel GenuineIntel
[    0.000000]   AMD AuthenticAMD
[    0.000000]   Centaur CentaurHauls
[    0.000000] x86/fpu: xstate_offset[2]:  576, xstate_sizes[2]:  256
[    0.000000] x86/fpu: Supporting XSAVE feature 0x01: 'x87 floating point registers'
[    0.000000] x86/fpu: Supporting XSAVE feature 0x02: 'SSE registers'
[    0.000000] x86/fpu: Supporting XSAVE feature 0x04: 'AVX registers'
[    0.000000] x86/fpu: Enabled xstate features 0x7, context size is 832 bytes, using 'standard' format.
[    0.000000] e820: BIOS-provided physical RAM map:
[    0.000000] BIOS-e820: [mem 0x0000000000000000-0x000000000009fbff] usable
[    0.000000] BIOS-e820: [mem 0x000000000009fc00-0x000000000009ffff] reserved
[    0.000000] BIOS-e820: [mem 0x00000000000f0000-0x00000000000fffff] reserved
[    0.000000] BIOS-e820: [mem 0x0000000000100000-0x000000007ffeffff] usable
[    0.000000] BIOS-e820: [mem 0x000000007fff0000-0x000000007fffffff] ACPI data
[    0.000000] BIOS-e820: [mem 0x00000000fec00000-0x00000000fec00fff] reserved
[    0.000000] BIOS-e820: [mem 0x00000000fee00000-0x00000000fee00fff] reserved
[    0.000000] BIOS-e820: [mem 0x00000000fffc0000-0x00000000ffffffff] reserved
[    0.000000] NX (Execute Disable) protection: active
[    0.000000] SMBIOS 2.5 present.
[    0.000000] Hypervisor detected: KVM
[    0.000000] e820: last_pfn = 0x7fff0 max_arch_pfn = 0x400000000
[    0.000000] MTRR: Disabled
[    0.000000] x86/PAT: MTRRs disabled, skipping PAT initialization too.
[    0.000000] CPU MTRRs all blank - virtualized system.
[    0.000000] x86/PAT: Configuration [0-7]: WB  WT  UC- UC  WB  WT  UC- UC  
[    0.000000] found SMP MP-table at [mem 0x0009fff0-0x0009ffff] mapped at [ffff88000009fff0]
[    0.000000] Scanning 1 areas for low memory corruption
[    0.000000] RAMDISK: [mem 0x361e6000-0x370eafff]
[   0.000000]  ACI: Erly able cecksum verification disabled
[    0.000000] ACPI: RSDP 0x00000000000E0000 000024 (v02 VBOX  )
[    0.000000] ACPI: XSDT 0x000000007FFF0030 00003C (v01 VBOX   VBOXXSDT 00000001 ASL  00000061)
[    0.000000] ACPI: FACP 0x000000007FFF00F0 0000F4 (v04 VBOX   VBOXFACP 00000001 ASL  00000061)
[    0.000000] ACPI: DSDT 0x000000007FFF0470 0021FF (v02 VBOX   VBOXBIOS 00000002 INTL 20100528)
[    0.000000] ACPI:FACS 0000000007FFF0200 000040
[   0.00000]ACPI: ACS 0x00000007FFF0200 000040
[    0.000000] ACPI: APIC 0x000000007FFF0240 00005C (v02 VBOX   VBOXAPIC 00000001 ASL  00000061)
[    0.000000] ACPI: SSDT 0x000000007FFF02A0 0001CC (v01 VBOX   VBOXCPUT 00000002 INTL 20100528)
[    0.000000] No NUMA configuration found

[    0.000000] Faking a node at [mem 0x0000000000000000-0x000000007ffeffff]
[    0.000000] NODE_DATA(0) allocated [mem 0x7ffeb000-0x7ffeffff]
[    0.000000] kvm-clock: Using msrs 4b564d01 and 4b564d00
[    0.000000] kvm-clock: cpu 0, msr 0:7ffe3001, primary cpu clock
[    0.000000] kvm-clock: using sched offset of 7477048563 cycles
[    0.000000] clocksource: kvm-clock: mask: 0xffffffffffffffff max_cycles: 0x1cd42e4dffb, max_idle_ns: 881590591483 ns
[    0.000000] Zone ranges:
[    0.000000]   DMA      [mem 0x0000000000001000-0x0000000000ffffff]
[    0.000000]   DMA32    [mem 0x0000000001000000-0x000000007ffeffff]
[    0.000000]   Normal   empty
[    0.000000]   Device   empty
[    0.000000] Movable zone start for each node
[    0.000000] Early memory node ranges
[    0.000000]   node   0: [mem 0x0000000000001000-0x000000000009efff]
[    0.000000]   node   0: [mem 0x0000000000100000-0x000000007ffeffff]
[    0.000000] Initmem setup node 0 [mem 0x0000000000001000-0x000000007ffeffff]
[   0.000000] ACPI: PM-Timer IO Port: 0x4008
[    0.000000] IOAPIC[0]: apic_id 2, version 2, addres 0xfec0000, SI 0-2
[   0.00000] ACPI: INT_SRC_OVR (bus 0 bus_irq 0 global_irq 2 dfl dfl)
[    0.000000] ACPI: INT_SRC_OVR (bus 0 bus_irq 9 global_irq 9 low level)
[    0.000000] Using ACPI (MADT) for SMP configuration information
[    0.000000] smpboot: Allowing 2 CPUs, 0 hotplug CPUs
[    0.000000] PM: Registered nosave memory: [mem 0x00000000-0x00000fff]
[    0.000000] PM: Registered nosave memory: [mem 0x0009f000-0x0009ffff]
[    0.000000] PM: Registered nosave memory: [mem 0x000a0000-0x000effff]
[    0.000000] PM: Registered nosave memory: [mem 0x000f0000-0x000fffff]
[    0.000000] e820: [mem 0x80000000-0xfebfffff] available for PCI devices
[    0.000000] Booting paravirtualized kernel on KVM
[    0.000000] clocksource: refined-jiffies: mask: 0xffffffff max_cycles: 0xffffffff, max_idle_ns: 7645519600211568 ns
[    0.000000] setup_percpu: NR_CPUS:512 nr_cpumask_bits:512 nr_cpu_ids:2 nr_node_ids:1
[    0.000000] PERCPU: Embedded 34 pages/cpu @ffff88007fc00000 s99544 r8192 d31528 u1048576
[    0.000000] Built 1 zonelists in Node order, mobility grouping on.  Total pages: 515960
[    0.000000] Policy zone: DMA32
[    0.000000] Kernel command line: BOOT_IMAGE=/boot/vmlinuz-4.4.0-159-generic root=LABEL=cloudimg-rootfs ro console=tty1 console=ttyS0
[    0.000000] PID hash table entries: 4096 (order: 3, 32768 bytes)
[    0.000000] Memory: 2029368K/2096696K available (8618K kernel code, 1335K rwdata, 4032K rodata, 1488K init, 1284K bss, 67328K reserved, 0K cma-reserved)
[    0.000000] SLUB: HWalign=64, Order=0-3, MinObjects=0, CPUs=2, Nodes=1
[    0.000000] Kernel/User page tables isolation: enabled
[    0.000000] Hierarchical RCU implementation.
[    0.000000] 	Build-time adjustment of leaf fanout to 64.
[    0.000000] 	RCU restricting CPUs from NR_CPUS=512 to nr_cpu_ids=2.
[    0.000000] RCU: Adjusting geometry for rcu_fanout_leaf=64, nr_cpu_ids=2
[    0.000000] NR_IRQS:33024 nr_irqs:440 16
[    0.000000] Console: colour VGA+ 80x25
[    0.000000] console [tty1] enabled
[    0.000000] console [ttyS0] enabled
[    0.000000] tsc: Detected 3491.584 MHz processor
[    4.159544] Calibrating delay loop (skipped) preset value.. 6983.16 BogoMIPS (lpj=13966336)
[    4.225511] pid_max: default: 32768 minimum: 301
[    4.229804] ACPI: Core revision 20150930
[    4.250964] ACPI: 2 ACPI AML tables successfully acquired and loaded
[    4.321872] Security Framework initialized
[    4.332956] Yama: becoming mindful.
[    4.341584] AppArmor: AppArmor initialized
[    4.374845] Dentry cache hash table entries: 262144 (order: 9, 2097152 bytes)
[    4.396670] Inode-cache hash table entries: 131072 (order: 8, 1048576 bytes)
[    4.438221] Mount-cache hash table entries: 4096 (order: 3, 32768 bytes)
[    4.445920] Mountpoint-cache hash table entries: 4096 (order: 3, 32768 bytes)
[    4.463065] Initializing cgroup subsys io
[    4.480929] Initializing cgroup subsys memory
[    4.491896] Initializing cgroup subsys devices
[    4.513292] Initializing cgroup subsys freezer
[    4.545382] Initializing cgroup subsys net_cls
[    4.556365] Initializing cgroup subsys perf_event
[    4.567243] Initializing cgroup subsys net_prio
[    4.599187] Initializing cgroup subsys hugetlb
[    4.605313] Initializing cgroup subsys pids
[    4.621761] mce: CPU supports 0 MCE banks
[    4.633436] Last level iTLB entries: 4KB 512, 2MB 8, 4MB 8
[    4.645634] Last level dTLB entries: 4KB 512, 2MB 0, 4MB 0, 1GB 4
[    4.666262] Spectre V1 : Mitigation: usercopy/swapgs barriers and __user pointer sanitization
[    4.693146] Spectre V2 : Mitigation: Full generic retpoline
[    4.707191] Spectre V2 : Spectre v2 / SpectreRSB mitigation: Filling RSB on context switch
[    4.719521] Speculative Store Bypass: Vulnerable
[    4.722147] MDS: Vulnerable: Clear CPU buffers attempted, no microcode
[    4.731221] Freeing SMP alternatives memory: 36K
[    4.760981] ftrace: allocating 32318 entries in 127 pages
[    4.987025] smpboot: APIC(0) Converting physical 0 to logical package 0
[    5.004266] smpboot: Max logical packages: 1
[    5.025768] x2apic enabled
[    5.052039] Switched APIC routing to physical x2apic.
[    5.064954] ..TIMER: vector=0x30 apic1=0 pin1=2 apic2=-1 pin2=-1
[    5.179206] smpboot: CPU0: Intel(R) Xeon(R) CPU E5-1650 v2 @ 3.50GHz (family: 0x6, model: 0x3e, stepping: 0x4)
[    5.211332] Performance Events: unsupported p6 CPU model 62 no PMU driver, software events only.
[    5.264542] KVM setup paravirtual spinlock
[    5.285471] x86: Booting SMP configuration:
[    5.326732] .... node  #0, CPUs:      #1
[    5.331461] kvm-clock: cpu 1, msr 0:7ffe3041, secondary cpu clock
[    5.338194] mce: CPU supports 0 MCE banks
[    5.343996] x86: Booted up 1 node, 2 CPUs
[    5.361253] smpboot: Total of 2 processors activated (13966.33 BogoMIPS)
[    5.391237] devtmpfs: initialized
[    5.456083] evm: security.selinux
[    5.460389] evm: security.SMACK64
[    5.464656] evm: security.SMACK64EXEC
[    5.491602] evm: security.SMACK64TRANSMUTE
[    5.499744] evm: security.SMACK64MMAP
[    5.509882] evm: security.ima
[    5.514076] evm: security.capability
[    5.519606] clocksource: jiffies: mask: 0xffffffff max_cycles: 0xffffffff, max_idle_ns: 7645041785100000 ns
[    5.537581] futex hash table entries: 512 (order: 3, 32768 bytes)
[    5.558930] pinctrl core: initialized pinctrl subsystem
[    5.577759] RTC time: 19:04:23, date: 09/08/19
[    5.583702] NET: Registered protocol family 16
[    5.608219] cpuidle: using governor ladder
[    5.624721] cpuidle: using governor menu
[    5.650813] PCCT header not found.
[    5.655649] ACPI: bus type PCI registered
[    5.691415] acpiphp: ACPI Hot Plug PCI Controller Driver version: 0.5
[    5.698600] PCI: Using configuration type 1 for base access
[    5.755253] ACPI: Added _OSI(Module Device)
[    5.804076] ACPI: Added _OSI(Processor Device)
[    5.831887] ACPI: Added _OSI(3.0 _SCP Extensions)
[    5.837309] ACPI: Added _OSI(Processor Aggregator Device)
[    5.847846] ACPI: Executed 1 blocks of module-level executable AML code
[    5.900849] ACPI: Interpreter enabled
[    5.905541] ACPI: (supports S0 S5)
[    5.938112] ACPI: Using IOAPIC for interrupt routing
[    5.944804] PCI: Using host bridge windows from ACPI; if necessary, use "pci=nocrs" and report a bug
[    5.987937] ACPI: PCI Root Bridge [PCI0] (domain 0000 [bus 00-ff])
[    5.994623] acpi PNP0A03:00: _OSC: OS supports [ASPM ClockPM Segments MSI]
[    6.010731] acpi PNP0A03:00: _OSC: not requesting OS control; OS requires [ExtendedConfig ASPM ClockPM MSI]
[    6.040979] acpi PNP0A03:00: fail to add MMCONFIG information, can't access extended PCI configuration space under this bridge.
[    6.065034] PCI host bridge to bus 0000:00
[    6.079229] pci_bus 0000:00: root bus resource [io  0x0000-0x0cf7 window]
[    6.102445] pci_bus 0000:00: root bus resource [io  0x0d00-0xffff window]
[    6.113701] pci_bus 0000:00: root bus resource [mem 0x000a0000-0x000bffff window]
[    6.145962] pci_bus 0000:00: root bus resource [mem 0x80000000-0xfdffffff window]
[    6.172296] pci_bus 0000:00: root bus resource [bus 00-ff]
[    6.187157] pci 0000:00:01.1: legacy IDE quirk: reg 0x10: [io  0x01f0-0x01f7]
[    6.194287] pci 0000:00:01.1: legacy IDE quirk: reg 0x14: [io  0x03f6]
[    6.201025] pci 0000:00:01.1: legacy IDE quirk: reg 0x18: [io  0x0170-0x0177]
[    6.208191] pci 0000:00:01.1: legacy IDE quirk: reg 0x1c: [io  0x0376]
[    6.346444] pci 0000:00:07.0: quirk: [io  0x4000-0x403f] claimed by PIIX4 ACPI
[    6.355244] pci 0000:00:07.0: quirk: [io  0x4100-0x410f] claimed by PIIX4 SMB
[    6.460535] ACPI: PCI Interrupt Link [LNKA] (IRQs 5 9 10 *11)
[    6.480802] ACPI: PCI Interrupt Link [LNKB] (IRQs 5 9 *10 11)
[    6.496842] ACPI: PCI Interrupt Link [LNKC] (IRQs 5 *9 10 11)
[    6.519366] ACPI: PCI Interrupt Link [LNKD] (IRQs 5 9 10 *11)
[    6.560006] ACPI: Enabled 2 GPEs in block 00 to 07
[    6.575585] vgaarb: setting as boot device: PCI:0000:00:02.0
[    6.585558] vgaarb: device added: PCI:0000:00:02.0,decodes=io+mem,owns=io+mem,locks=none
[    6.597860] vgaarb: loaded
[    6.601766] vgaarb: bridge control possible 0000:00:02.0
[    6.609042] SCSI subsystem initialized
[    6.614240] ACPI: bus type USB registered
[    6.619242] usbcore: registered new interface driver usbfs
[    6.625235] usbcore: registered new interface driver hub
[    6.682161] usbcore: registered new device driver usb
[    6.693411] PCI: Using ACPI for IRQ routing
[    6.724526] NetLabel: Initializing
[    6.728889] NetLabel:  domain hash size = 128
[    6.756482] NetLabel:  protocols = UNLABELED CIPSOv4
[    6.764708] NetLabel:  unlabeled traffic allowed by default
[    6.771476] amd_nb: Cannot enumerate AMD northbridges
[    6.777974] clocksource: Switched to clocksource kvm-clock
[   6.5212 AppArmor: AppArmor Filesystem Enabled
[   .1122] pnp: PnP ACPI init
[    7.491541] pnp: PnP ACPI: found 3 devices
[    7.531843] clocksource: acpi_pm: mask: 0xffffff max_cycles: 0xffffff, max_idle_ns: 2085701024 ns
[    7.543728] NET: Registered protocol family 2
[    7.569435] TCP established hash table entries: 16384 (order: 5, 131072 bytes)
[    7.579606] TCP bind hash table entries: 16384 (order: 6, 262144 bytes)
[    7.588538] TCP: Hash tables configured (established 16384 bind 16384)
[    7.608603] UDP hash table entries: 1024 (order: 3, 32768 bytes)
[    7.615040] UDP-Lite hash table entries: 1024 (order: 3, 32768 bytes)
[    7.621920] NET: Registered protocol family 1
[    7.628434] pci 0000:00:00.0: Limiting direct PCI/PCI transfers
[    7.634868] pci 0000:00:01.0: Activating ISA DMA hang workarounds
[    7.644179] Unpacking initramfs...
[    9.161138] Freeing initrd memory: 15380K
[    9.168483] RAPL PMU detected, API unit is 2^-32 Joules, 3 fixed counters 10737418240 ms ovfl timer
[    9.181016] hw unit of domain pp0-core 2^-0 Joules
[    9.189029] hw unit of domain package 2^-0 Joules
[    9.197029] hw unit of domain dram 2^-0 Joules
[    9.202478] clocksource: tsc: mask: 0xffffffffffffffff max_cycles: 0x325443339fc, max_idle_ns: 440795358130 ns
[    9.218160] platform rtc_cmos: registered platform RTC device (no PNP device found)
[    9.227446] Scanning for low memory corruption every 60 seconds
[    9.235329] audit: initializing netlink subsys (disabled)
[    9.241410] audit: type=2000 audit(1567969470.724:1): initialized
[    9.252990] Initialise system trusted keyring
[    9.258797] HugeTLB registered 2 MB page size, pre-allocated 0 pages
[    9.274867] zbud: loaded
[    9.285792] VFS: Disk quotas dquot_6.6.0
[    9.293035] VFS: Dquot-cache hash table entries: 512 (order 0, 4096 bytes)
[    9.309641] squashfs: version 4.0 (2009/01/31) Phillip Lougher
[    9.317413] fuse init (API version 7.23)
[    9.326829] Key type big_key registered
[    9.336311] Allocating IMA MOK and blacklist keyrings.
[    9.347376] Key type asymmetric registered
[    9.352243] Asymmetric key parser 'x509' registered
[    9.361329] Block layer SCSI generic (bsg) driver version 0.4 loaded (major 249)
[    9.372707] io scheduler noop registered
[    9.381915] io scheduler deadline registered (default)
[    9.387919] io scheduler cfq registered
[    9.393133] pci_hotplug: PCI Hot Plug PCI Core version: 0.5
[    9.399198] pciehp: PCI Express Hot Plug Controller Driver version: 0.4
[    9.406634] ACPI: AC Adapter [AC] (on-line)
[    9.411842] input: Power Button as /devices/LNXSYSTM:00/LNXPWRBN:00/input/input0
[    9.421217] ACPI: Power Button [PWRF]
[    9.426336] input: Sleep Button as /devices/LNXSYSTM:00/LNXSLPBN:00/input/input1
[    9.435176] ACPI: Sleep Button [SLPF]
[    9.440667] GHES: HEST is not enabled!
[    9.447667] Serial: 8250/16550 driver, 32 ports, IRQ sharing enabled
[    9.486165] 00:02: ttyS0 at I/O 0x3f8 (irq = 4, base_baud = 115200) is a 16550A
[    9.501873] Linux agpgart interface v0.103
[    9.515095] loop: module loaded
[    9.522406] scsi host0: ata_piix
[    9.532530] scsi host1: ata_piix
[    9.537141] ata1: PATA max UDMA/33 cmd 0x1f0 ctl 0x3f6 bmdma 0xd000 irq 14
[    9.544263] ata2: PATA max UDMA/33 cmd 0x170 ctl 0x376 bmdma 0xd008 irq 15
[    9.551724] libphy: Fixed MDIO Bus: probed
[    9.562131] tun: Universal TUN/TAP device driver, 1.6
[    9.567711] tun: (C) 1999-2004 Max Krasnyansky <maxk@qualcomm.com>
[    9.574373] PPP generic driver version 2.4.2
[    9.586491] ehci_hcd: USB 2.0 'Enhanced' Host Controller (EHCI) Driver
[    9.593263] ehci-pci: EHCI PCI platform driver
[    9.598583] ehci-platform: EHCI generic platform driver
[    9.604470] ohci_hcd: USB 1.1 'Open' Host Controller (OHCI) Driver
[    9.610968] ohci-pci: OHCI PCI platform driver
[    9.618689] ohci-platform: OHCI generic platform driver
[    9.627656] uhci_hcd: USB Universal Host Controller Interface driver
[    9.643910] i8042: PNP: PS/2 Controller [PNP0303:PS2K,PNP0f03:PS2M] at 0x60,0x64 irq 1,12
[    9.656044] serio: i8042 KBD port at 0x60,0x64 irq 1
[    9.661665] serio: i8042 AUX port at 0x60,0x64 irq 12
[    9.673378] mousedev: PS/2 mouse device common for all mice
[    9.683654] input: AT Translated Set 2 keyboard as /devices/platform/i8042/serio0/input/input2
[    9.696123] rtc_cmos rtc_cmos: rtc core: registered rtc_cmos as rtc0
[    9.716015] rtc_cmos rtc_cmos: alarms p o neday, 114 bytes nvram
[   10.042752] i2c /dev entries driver
[   10.047376] device-mapper: uevent: version 1.0.3

[   10.053233] device-mapper: ioctl: 4.34.0-ioctl (2015-10-28) initialised: dm-devel@redhat.com
[   10.062944] ledtrig-cpu: registered to indicate activity on CPUs
[   10.077961] NET: Registered protocol family 10
[   10.089339] NET: Registered protocol family 17
[   10.100033] Key type dns_resolver registered
[   10.123393] registered taskstats version 1
[   10.133110] Loading compiled-in X.509 certificates
[   10.156920] Loaded X.509 cert 'Build time autogenerated kernel key: d14182f9795b80ec340f636a5a08bf5817ccd8e7'
[   10.174618] zswap: loaded using pool lzo/zbud
[   10.194267] Key type trusted registered
[   10.215607] Key type encrypted registered
[   10.220624] AppArmor: AppArmor sha1 policy hashing enabled
[   10.229085] ima: No TPM chip found, activating TPM-bypass!
[   10.236768] ima: Allocated hash algorithm: sha1
[   10.247551] evm: HMAC attrs: 0x1
[   10.255242]   Magic number: 3:149:91
[   10.260628] rtc_cmos rtc_cmos: setting system clock to 2019-09-08 19:04:27 UTC (1567969467)
[   10.272734] BIOS EDD facility v0.16 2004-Jun-25, 0 devices found
[   10.283244] EDD information not available.
[   10.304171] Freeing unused kernel memory: 1488K
[   10.322534] Write protecting the kernel read-only data: 14336k
[   10.335419] Freeing unused kernel memory: 1608K
[   10.341918] Freeing unused kernel memory: 64K
Loading, please wait...
starting version 229
[   10.414039] random: systemd-udevd: uninitialized urandom read (16 bytes read, 3 bits of entropy available)
[   10.417488] random: udevadm: uninitialized urandom read (16 bytes read, 3 bits of entropy available)
[   10.417560] random: udevadm: uninitialized urandom read (16 bytes read, 3 bits of entropy available)
[   10.461512] random: systemd-udevd: uninitialized urandom read (16 bytes read, 3 bits of entropy available)
[   10.466848] random: udevadm: uninitialized urandom read (16 bytes read, 3 bits of entropy available)
[   10.467099] random: udevadm: uninitialized urandom read (16 bytes read, 3 bits of entropy available)
[   10.467808] random: udevadm: uninitialized urandom read (16 bytes read, 3 bits of entropy available)
[   10.468127] random: udevadm: uninitialized urandom read (16 bytes read, 3 bits of entropy available)
[   10.468402] random: udevadm: uninitialized urandom read (16 bytes read, 3 bits of entropy available)
[   10.468668] random: udevadm: uninitialized urandom read (16 bytes read, 3 bits of entropy available)
[   10.704835] e1000: Intel(R) PRO/1000 Network Driver - version 7.3.21-k8-NAPI
[   10.713278] e1000: Copyright (c) 1999-2006 Intel Corporation.
[   10.746829] Fusion MPT base driver 3.04.20
[   10.757335] Copyright (c) 1999-2008 LSI Corporation
[   10.880205] AVX version of gcm_enc/dec engaged.
[   10.891050] AES CTR mode by8 optimization enabled
[   10.941412] Fusion MPT SPI Host driver 3.04.20
[   11.034676] input: ImExPS/2 Generic Explorer Mouse as /devices/platform/i8042/serio1/input/input4
[   11.603745] e1000 0000:00:03.0 eth0: (PCI:33MHz:32-bit) 02:49:b7:a9:fe:dc
[   11.646084] e1000 0000:00:03.0 eth0: Intel(R) PRO/1000 Network Connection
[   12.556282] e1000 0000:00:08.0 eth1: (PCI:33MHz:32-bit) 08:00:27:81:5a:a5
[   12.564489] e1000 0000:00:08.0 eth1: Intel(R) PRO/1000 Network Connection
[   12.577346] e1000 0000:00:03.0 enp0s3: renamed from eth0
[   12.584089] mptbase: ioc0: Initiating bringup
[   12.602302] e1000 0000:00:08.0 enp0s8: renamed from eth1
[   12.671554] ioc0: LSI53C1030 A0: Capabilities={Initiator}
[   12.850761] scsi host2: ioc0: LSI53C1030 A0, FwRev=00000000h, Ports=1, MaxQ=256, IRQ=20
[   12.975272] scsi 2:0:0:0: Direct-Access     VBOX     HARDDISK         1.0  PQ: 0 ANSI: 5
[   12.985059] scsi target2:0:0: Beginning Domain Validation
[   13.002676] scsi target2:0:0: Domain Validation skipping write tests
[   13.081239] scsi target2:0:0: Ending Domain Validation
[   13.088579] scsi target2:0:0: asynchronous
[   13.098034] scsi 2:0:1:0: Direct-Access     VBOX     HARDDISK         1.0  PQ: 0 ANSI: 5
[   13.113210] scsi target2:0:1: Beginning Domain Validation
[   13.127671] scsi target2:0:1: Domain Validation skipping write tests
[   13.136882] scsi target2:0:1: Ending Domain Validation
[   13.143068] scsi target2:0:1: asynchronous
[   13.177712] sd 2:0:0:0: Attached scsi generic sg0 type 0
[   13.185460] sd 2:0:0:0: [sda] 20971520 512-byte logical blocks: (10.7 GB/10.0 GiB)
[   13.204686] sd 2:0:1:0: [sdb] 20480 512-byte logical blocks: (10.5 MB/10.0 MiB)
[   13.222578] sd 2:0:1:0: Attached scsi generic sg1 type 0
[   13.222619] sd 2:0:0:0: [sda] Write Protect is off
[   13.241421] sd 2:0:0:0: [sda] Incomplete mode parameter data
[   13.242335] sd 2:0:1:0: [sdb] Write Protect is off
[   13.242951] sd 2:0:1:0: [sdb] Incomplete mode parameter data
[   13.242960] sd 2:0:1:0: [sdb] Assuming drive cache: write through
[   13.256751] sd 2:0:1:0: [sdb] Attached SCSI disk
[   13.295455] sd 2:0:0:0: [sda] Assuming drive cache: write through
[   13.307551]  sda: sda1
[   13.314614] sd 2:0:0:0: [sda] Attached SCSI disk
Begin: Loading essential drivers ... [   16.808128] md: linear personality registered for level -1
[   16.862427] md: multipath personality registered for level -4
[   16.896676] md: raid0 personality registered for level 0
[   16.953726] md: raid1 personality registered for level 1
[   17.054031] raid6: sse2x1   gen()   903 MB/s
[   17.134061] raid6: sse2x1   xor()   713 MB/s
[   17.210040] raid6: sse2x2   gen()  1878 MB/s
[   17.286132] raid6: sse2x2   xor()  1289 MB/s
[   17.378050] raid6: sse2x4   gen()  2991 MB/s
[   17.450248] raid6: sse2x4   xor()  1698 MB/s
[   17.454600] raid6: using algorithm sse2x4 gen() 2991 MB/s
[   17.486090] raid6: .... xor() 1698 MB/s, rmw enabled
[   17.490844] raid6: using ssse3x2 recovery algorithm
[   17.523242] xor: automatically using best checksumming function:
[   17.566412]    avx       :  6625.000 MB/sec
[   17.575769] async_tx: api initialized (async)
[   17.623094] md: raid6 personality registered for level 6
[   17.631844] md: raid5 personality registered for level 5
[   17.639413] md: raid4 personality registered for level 4
[   17.675036] md: raid10 personality registered for level 10
done.
Begin: Running /scripts/init-premount ... done.
Begin: Mounting root file system ... Begin: Running /scripts/local-top ... done.
Begin: Running /scripts/local-premount ... [   17.832410] Btrfs loaded
Scanning for Btrfs filesystems
done.
Warning: fsck not present, so skipping root file system
[   17.957212] EXT4-fs (sda1): mounted filesystem with ordered data mode. Opts: (null)
done.
Begin: Running /scripts/local-bottom ... done.
Begin: Running /scripts/init-bottom ... done.
[   18.805988] systemd[1]: systemd 229 running in system mode. (+PAM +AUDIT +SELINUX +IMA +APPARMOR +SMACK +SYSVINIT +UTMP +LIBCRYPTSETUP +GCRYPT +GNUTLS +ACL +XZ -LZ4 +SECCOMP +BLKID +ELFUTILS +KMOD -IDN)
[   18.832943] systemd[1]: Detected virtualization oracle.
[   18.842812] systemd[1]: Detected architecture x86-64.

Welcome to [1mUbuntu 16.04.6 LTS[0m!

[   18.888310] systemd[1]: Set hostname to <utn-devops-g2>.
[   18.975130] systemd-fstab-generator[365]: Failed to create swap unit file /run/systemd/generator/swapdir-swapfile.swap, as it already exists. Duplicate entry in /etc/fstab?
[   19.004056] systemd[350]: /lib/systemd/system-generators/systemd-fstab-generator failed with error code 1.
[   19.093906] random: nonblocking pool is initialized
[   19.876251] systemd[1]: Started Trigger resolvconf update for networkd DNS.
[[0;32m  OK  [0m] Started Trigger resolvconf update for networkd DNS.
[   20.130538] systemd[1]: Listening on LVM2 metadata daemon socket.
[[0;32m  OK  [0m] Listening on LVM2 metadata daemon socket.
[  20.536184] systemd[1]: Created slice System Slice.
[[0;32m  OK  [0m] Created slice System Slice.
[   20.658890] systemd[1]: Listening on Sysog Socket.

[[0;32m  OK  [0m] Listening on Syslog Socket.
[   20.749255] systemd[1]: Reached target System Time Synchronized.
[[0;32m  OK  [0m] Reached target System Time Synchronized.
[   21.215859] systemd[1]: Listening on Journal Socket.
[[0;32m  OK  [0m] Listening on Journal Socket.
[   21.539264] systemd[1]: Mounting Huge Pages File System...
         Mounting Huge Pages File System...
[   21.568375] systemd[1]: Starting Remount Root and Kernel File Systems...
         Starting Remount Root and Kernel File Systems...
[   21.594043] systemd[1]: Mounting POSIX Message Queue File System...
         Mounting POSIX Message Queue File System...
[   21.619446] systemd[1]: Set up automount Arbitrary Executable File Formats File System Automount Point.
[[0;32m  OK  [0m] Set up automount Arbitrary Executab...ats File System Automount Point.
[   21.658154] systemd[1]: Reached target User and Group Name Lookups.
[   21.660269] EXT4-fs (sda1): re-mounted. Opts: (null)
[[0;32m  OK  [0m] Reached target User and Group Name Lookups.
[   21.750960] systemd[1]: Listening on Journal Socket (/dev/log).
[[0;32m  OK  [0m] Listening on Journal Socket (/dev/log).
[   21.778330] systemd[1]: Mounting Debug File System...
         Mounting Debug File System...
[   21.807586] systemd[1]: Starting Nameserver information manager...
         Starting Nameserver information manager...
[   218778] systemd[1]: Listening on LVM2 poll daemon socket.

[[0;32m  OK  [0m] Listening on LVM2 poll daemon socket.
[   22.146983] systemd[1]: Starting Create list of required static device nodes for the current kernel...
         Starting Create list of required st... nodes for the current kernel...
[   22.167213] systemd[1]: Created slice User and Session Slice.
[[0;32m  OK  [0m] Created slice User and Session Slice.
[   22.181719] systemd[1]: Reached target Slices.
[[0;32m  OK  [0m] Reached target Slices.
[  22.223566] systemd[1]: Listening on Journal Audit Socket.
[[0;32m  OK  [0m] Listening on Journal Audit Socket.
[   22.546533] systemd[1]: Starting Journal Service...
         Starting Journal Service...
[   22.562858] systemd[1]: Listening on udev Control Socket.
[[0;32m  OK  [0m] Listening on udev Control Socket.
[   22.576689] systemd[1]: Reached target Encrypted Volumes.
[[0;32m  OK  [0m] Reached target Encrypted Volumes.
[   22.654654] systemd[1]: Listening on udev Kernel Socket.
[[0;32m  OK  [0m] Listening on udev Kernel Socket.
[   22.780035] systemd[1]: Starting Load Kernel Modules...
         Starting Load Kernel Modules...
[   22.804154] systemd[1]: Starting Set console keymap...
         Starting Set console keymap...
[   22.842959] systemd[1]: Listening on /dev/initctl Compatibility Named Pipe.
[[0;32m  OK  [0m] Listening on /dev/initctl Compatibility Named Pipe.
[   22.881668] systemd[1]: Started Forward Password Requests to Wall Directory Watch.
[[0;32m  OK  [0m] Started Forward Password Requests to Wall Directory Watch.
[   22.930853] Loading iSCSI transport class v2.0-870.
[   22.942428] systemd[1]: Starting Uncomplicated firewall...
         Starting Uncomplicated firewall...
[   22.956031] systemd[1]: Listening on Device-mapper event daemon FIFOs.
[[0;32m  OK  [0m] Listening on Device-mapper event daemon FIFOs.
[   22.998571] systemd[1]: Starting Monitoring of LVM2 mirrors, snapshots etc. using dmeventd or progress polling...
         Starting Monitoring of LVM2 mirrors... dmeventd or progress polling...
[   23.032454] systemd[1]: Created slice system-serial\x2dgetty.slice.
[   23.043299] iscsi: registered transport (tcp)
[[0;32m  OK  [0m] Created slice system-serial\x2dgetty.slice.
[   23.079725] systemd[1]: Mounted Debug File System.
[[0;32m  OK  [0m] Mounted Debug File System.
[   23.103187] systemd[1]: Mounted Huge Pages File System.
[[0;32m  OK  [0m] Mounted Huge Pages File System.
[   23.118822] systemd[1]: Mounted POSIX Message Queue File System.
[[0;32m  OK  [0m] Mounted POSIX Message Queue File System.
[   23.138562] systemd[1]: Started Journal Service.
[[0;32m  OK  [0m] Started Journal Service.
[[0;32m  OK  [0m] Started Remount Root and Kernel File Systems.
[[0;32m  OK  [0m] Started Create list of required sta...ce nodes for the current kernel.
[[0;32m  OK  [0m] Started Uncomplicated firewall.
[[0;32m  OK  [0m] Started Nameserver information manager.
[   23.290726] iscsi: registered transport (iser)
[[0;32m  OK  [0m] Started Load Kernel Modules.
[[0;32m  OK  [0m] Started Set console keymap.
         Mounting FUSE Control File System...
         Starting Apply Kernel Variables...
[[0;32m  OK  [0m] Started LVM2 metadata daemon.
         Starting Create Static Device Nodes in /dev...
         Starting Load/Save Random Seed...
         Starting udev Coldplug all Devices...
         Activating swap /swapdir/swapfile...
         Starting Flush Journal to Persistent Storage...
[[0;32m  OK  [0m] Mounted FUSE Control File System.
[[0;32m  OK  [0m] Started Apply Kernel Variables.
[[0;32m  OK  [0m] Started Load/Save Random Seed.
[[0;32m  OK  [0m] Started Create Static Device Nodes in /dev.
[[0;32m  OK  [0m] Activated swap /swapdir/swapfile.
[[0;32m  OK  [0m] Started Monitoring of LVM2 mirrors,...ng dmeventd or progress polling.
[[0;32m  OK  [0m] Started udev Coldplug all Devices.
[[0;32m  OK  [0m] Started Flush Journal to Persistent Storage.
[[0;32m  OK  [0m] Reached target Swap.
[[0;32m  OK  [0m] Reached target Local File Systems (Pre).
[[0;32m  OK  [0m] Reached target Local File Systems.
         Starting Set console font and keymap...
         Starting Create Volatile Files and Directories...
         Starting Tell Plymouth To Write Out Runtime Data...
         Starting LSB: AppArmor initialization...
         Starting Initial cloud-init job (pre-networking)...
         Starting udev Kernel Device Manager...
[[0;32m  OK  [0m] Started Tell Plymouth To Write Out Runtime Data.
[[0;32m  OK  [0m] Started Create Volatile Files and Directories.
         Starting Update UTMP about System Boot/Shutdown...
[[0;32m  OK  [0m] Started Update UTMP about System Boot/Shutdown.
[[0;32m  OK  [0m] Started udev Kernel Device Manager.
[[0;32m  OK  [0m] Started Dispatch Password Requests to Console Directory Watch.
[[0;32m  OK  [0m] Started LSB: AppArmor initialization.
[[0;32m  OK  [0m] Found device /dev/ttyS0.
[[0;32m  OK  [0m] Listening on Load/Save RF Kill Switch Status /dev/rfkill Watch.
[[0;32m  OK  [0m] Found device 82540EM Gigabit Ethern...r (PRO/1000 MT Desktop Adapter).
[   24.757305] cloud-init[497]: Cloud-init v. 19.1-1-gbaa47854-0ubuntu1~16.04.1 running 'init-local' at Sun, 08 Sep 2019 19:04:46 +0000. Up 23.26 seconds.
[[0;32m  OK  [0m] Started Set console font and keymap.
[[0;32m  OK  [0m] Started Initial cloud-init job (pre-networking).
[[0;32m  OK  [0m] Reached target Network (Pre).
[[0;32m  OK  [0m] Started ifup for enp0s3.
         Starting Raise network interfaces...
[[0;32m  OK  [0m] Created slice system-getty.slice.
[[0;32m  OK  [0m] Started Raise network interfaces.
[[0;32m  OK  [0m] Reached target Network.
         Starting Initial cloud-init job (metadata service crawler)...
[   29.365500] cloud-init[1021]: Cloud-init v. 19.1-1-gbaa47854-0ubuntu1~16.04.1 running 'init' at Sun, 08 Sep 2019 19:04:51 +0000. Up 28.18 seconds.
[   29.377097] cloud-init[1021]: ci-info: ++++++++++++++++++++++++++++++++++++++Net device info+++++++++++++++++++++++++++++++++++++++
[   29.393047] cloud-init[1021]: ci-info: +--------+-------+----------------------------+---------------+--------+-------------------+
[   29.405390] cloud-init[1021]: ci-info: | Device |   Up  |          Address           |      Mask     | Scope  |     Hw-Address    |
[   29.416338] cloud-init[1021]: ci-info: +--------+-------+----------------------------+---------------+--------+-------------------+
[   29.426965] cloud-init[1021]: ci-info: | enp0s3 |  True |         10.0.2.15          | 255.255.255.0 | global | 02:49:b7:a9:fe:dc |
[   29.441968] cloud-init[1021]: ci-info: | enp0s3 |  True | fe80::49:b7ff:fea9:fedc/64 |       .       |  link  | 02:49:b7:a9:fe:dc |
[   29.454378] cloud-init[1021]: ci-info: | enp0s8 | False |             .              |       .       |   .    | 08:00:27:81:5a:a5 |
[   29.473846] cloud-init[1021]: ci-info: |   lo   |  True |         127.0.0.1          |   255.0.0.0   |  host  |         .         |
[   29.484458] cloud-init[1021]: ci-info: |   lo   |  True |          ::1/128           |       .       |  host  |         .         |
[   29.495482] cloud-init[1021]: ci-info: +--------+-------+----------------------------+---------------+--------+-------------------+
[   29.508019] cloud-init[1021]: ci-info: +++++++++++++++++++++++++++Route IPv4 info++++++++++++++++++++++++++++
[   29.523442] cloud-init[1021]: ci-info: +-------+-------------+----------+---------------+-----------+-------+
[   29.524885] cloud-init[1021]: ci-info: | Route | Destination | Gateway  |    Genmask    | Interface | Flags |
[   29.525638] cloud-init[1021]: ci-info: +-------+-------------+----------+---------------+-----------+-------+
[[0;32m  OK  [0m] Started Initial cloud-init job (metadata service crawler).
[   29.526743] cloud-init[1021]: ci-info: |   0   |   0.0.0.0   | 10.0.2.2 |    0.0.0.0    |   enp0s3  |   UG  |
[   29.604673] cloud-init[1021]: ci-info: |   1   |   10.0.2.0  | 0.0.0.0  | 255.255.255.0 |   enp0s3  |   U   |
[   29.605492] cloud-init[1021]: ci-info: +-------+-------------+----------+---------------+-----------+-------+
[[0;32m  OK  [0m] Reached target Cloud-config availability.
[   29.606268] cloud-init[1021]: ci-info: +++++++++++++++++++Route IPv6 info+++++++++++++++++++
[   29.632564] cloud-init[1021]: ci-info: +-------+-------------+---------+-----------+-------+
[[0;32m  OK  [0m] Reached target Network is Online.
[   29.633292] cloud-init[1021]: ci-info: | Route | Destination | Gateway | Interface | Flags |
[   29.739201] cloud-init[1021]: ci-info: +-------+-------------+---------+-----------+-------+
[   29.747825] cloud-init[1021]: ci-info: |   0   |  fe80::/64  |    ::   |   enp0s3  |   U   |
         Starting iSCSI initiator daemon (iscsid)...
[[0;32m  OK  [0m] Reached target System Initialization.
[[0;32m  OK  [0m] Listening on D-Bus System Message Bus Socket.
[   29.767521] cloud-init[1021]: ci-info: |   4   |   ff00::/8  |    ::   |   enp0s3  |   U   |
[[0;32m  OK  [0m[   29.792895] cloud-init[1021]: ci-info: +-------+-------------+---------+-----------+-------+
] Listening on UUID daemon activation socket.
         Starting LXD - unix socket.
[[0;32m  OK  [0m] Started Daily apt download activities.
         Starting Socket activation for snappy daemon.
[[0;32m  OK  [0m] Started ACPI Events Check.
[[0;32m  OK  [0m] Reached target Paths.
[[0;32m  OK  [0m] Started Daily Cleanup of Temporary Directories.
[[0;32m  OK  [0m] Listening on ACPID Listen Socket.
[[0;32m  OK  [0m] Started Daily apt upgrade and clean activities.
[[0;32m  OK  [0m] Reached target Timers.
[[0;32m  OK  [0m] Listening on LXD - unix socket.
[[0;32m  OK  [0m] Listening on Socket activation for snappy daemon.
[[0;32m  OK  [0m] Started iSCSI initiator daemon (iscsid).
         Starting Login to default iSCSI targets...
[[0;32m  OK  [0m] Reached target Sockets.
[[0;32m  OK  [0m] Reached target Basic System.
         Starting LXD - container startup/shutdown...
         Starting vboxadd.service...
         Starting Accounts Service...
         Starting LSB: MD monitoring daemon...
         Starting LSB: Record successful boot for GRUB...
[[0;32m  OK  [0m] Started FUSE filesystem for LXC.
[[0;32m  OK  [0m] Started D-Bus System Message Bus.
         Starting Snappy daemon...
[[0;32m  OK  [0m] Started Deferred execution scheduler.
         Starting System Logging Service...
[[0;32m  OK  [0m] Started ACPI event daemon.
         Starting Login Service...
         Starting /etc/rc.local Compatibility...
[[0;32m  OK  [0m] Started Regular background program processing daemon.
         Starting OpenBSD Secure Shell server...
[[0;32m  OK  [0m] Started /etc/rc.local Compatibility.
[[0;32m  OK  [0m] Started System Logging Service.
[[0;32m  OK  [0m] Started Login to default iSCSI targets.
[[0;32m  OK  [0m] Started LSB: Record successful boot for GRUB.
[[0;32m  OK  [0m] Started LSB: MD monitoring daemon.
         Starting Authenticate and Authorize Users to Run Privileged Tasks...
[[0;32m  OK  [0m] Reached target Remote File Systems (Pre).
[[0;32m  OK  [0m] Reached target Remote File Systems.
         Starting Permit User Sessions...
         Starting LSB: Set the CPU Frequency Scaling governor to "ondemand"...
         Starting LSB: daemon to balance interrupts for SMP systems...
         Starting LSB: automatic crash report generation...
         Starting LSB: Apache2 web server...
[[0;32m  OK  [0m] Started vboxadd.service.
[[0;32m  OK  [0m] Started Login Service.
[[0;32m  OK  [0m] Started Permit User Sessions.
[[0;32m  OK  [0m] Started LSB: Set the CPU Frequency Scaling governor to "ondemand".
[[0;32m  OK  [0m] Started Authenticate and Authorize Users to Run Privileged Tasks.
[[0;32m  OK  [0m] Started Accounts Service.
         Starting Terminate Plymouth Boot Screen...
         Starting Hold until boot process finishes up...
[[0;32m  OK  [0m] Started Unattended Upgrades Shutdown.
         Starting vboxadd-service.service...
[[0;32m  OK  [0m] Started Terminate Plymouth Boot Screen.
[[0;32m  OK  [0m] Started LSB: daemon to balance interrupts for SMP systems.
[[0;32m  OK  [0m] Started Hold until boot process finishes up.
[[0;32m  OK  [0m] Started LSB: automatic crash report generation.
[[0;32m  OK  [0m] Started OpenBSD Secure Shell server.
[[0;32m  OK  [0m] Started LXD - container startup/shutdown.
[[0;1;31mFAILED[0m] Failed to start vboxadd-service.service.
See 'systemctl status vboxadd-service.service' for details.
[[0;32m  OK  [0m] Started Getty on tty1.
         Starting Set console scheme...
[[0;32m  OK  [0m] Started Serial Getty on ttyS0.
[[0;32m  OK  [0m] Reached target Login Prompts.
[[0;32m  OK  [0m] Started Set console scheme.
[[0;32m  OK  [0m] Started Snappy daemon.
         Starting Wait until snapd is fully seeded...
[[0;1;31mFAILED[0m] Failed to start LSB: Apache2 web server.
See 'systemctl status apache2.service' for details.
[[0;32m  OK  [0m] Started Wait until snapd is fully seeded.
         Starting Apply the settings specified in cloud-config...
[[0;32m  OK  [0m] Reached target Multi-User System.
[[0;32m  OK  [0m] Reached target Graphical Interface.
         Starting Update UTMP about System Runlevel Changes...
[[0;32m  OK  [0m] Started Update UTMP about System Runlevel Changes.
[[0;32m  OK  [0m] Created slice User Slice of vagrant.
         Starting User Manager for UID 1000...
[[0;32m  OK  [0m] Started Session 1 of user vagrant.
[[0;32m  OK  [0m] Started User Manager for UID 1000.
[   36.005224] cloud-init[1350]: Cloud-init v. 19.1-1-gbaa47854-0ubuntu1~16.04.1 running 'modules:config' at Sun, 08 Sep 2019 19:04:58 +0000. Up 35.40 seconds.
[[0;32m  OK  [0m] Started Apply the settings specified in cloud-config.
         Starting Execute cloud user/final scripts...
[   38.638426] cloud-init[1435]: Cloud-init v. 19.1-1-gbaa47854-0ubuntu1~16.04.1 running 'modules:final' at Sun, 08 Sep 2019 19:05:01 +0000. Up 37.98 seconds.
[   38.639334] cloud-init[1435]: Cloud-init v. 19.1-1-gbaa47854-0ubuntu1~16.04.1 finished at Sun, 08 Sep 2019 19:05:01 +0000. Datasource DataSourceNoCloud [seed=/dev/sdb][dsmode=net].  Up 38.60 seconds

Ubuntu 16.04.6 LTS utn-devops-g2 ttyS0

utn-devops-g2 login: 